Build started 2011/6/17 18:32:40.
     1>Project "C:\Users\Tobe\Documents\Visual Studio 2010\Projects\freeDone\KillerOfClassFree\KillerOfClassFree\KillerOfClassFree.vcxproj" on node 2 (build target(s)).
     1>InitializeBuildStatus:
         Creating "Debug\KillerOfClassFree.unsuccessfulbuild" because "AlwaysCreate" was specified.
       ClCompile:
         D:\Microsoft Visual Studio 10.0\VC\bin\CL.exe /c /ZI /nologo /W3 /WX- /Od /Oy- /D WIN32 /D _DEBUG /D _WINDOWS /D _UNICODE /D UNICODE /Gm /EHsc /RTC1 /MDd /GS /fp:precise /Zc:wchar_t /Zc:forScope /Fo"Debug\\" /Fd"Debug\vc100.pdb" /Gd /TP /analyze- /errorReport:prompt CBattleField.cpp CPlayer.cpp WinMain.cpp
         WinMain.cpp
     1>c:\users\tobe\documents\visual studio 2010\projects\freedone\killerofclassfree\killerofclassfree\winmain.cpp(714): warning C4244: 'argument' : conversion from 'double' to 'int', possible loss of data
     1>c:\users\tobe\documents\visual studio 2010\projects\freedone\killerofclassfree\killerofclassfree\winmain.cpp(730): warning C4244: 'argument' : conversion from 'double' to 'int', possible loss of data
     1>c:\users\tobe\documents\visual studio 2010\projects\freedone\killerofclassfree\killerofclassfree\winmain.cpp(771): warning C4244: 'argument' : conversion from 'double' to 'int', possible loss of data
     1>c:\users\tobe\documents\visual studio 2010\projects\freedone\killerofclassfree\killerofclassfree\winmain.cpp(772): warning C4244: 'argument' : conversion from 'double' to 'int', possible loss of data
     1>c:\users\tobe\documents\visual studio 2010\projects\freedone\killerofclassfree\killerofclassfree\winmain.cpp(837): warning C4244: 'argument' : conversion from 'double' to 'int', possible loss of data
     1>c:\users\tobe\documents\visual studio 2010\projects\freedone\killerofclassfree\killerofclassfree\winmain.cpp(842): warning C4244: 'argument' : conversion from 'double' to 'int', possible loss of data
     1>c:\users\tobe\documents\visual studio 2010\projects\freedone\killerofclassfree\killerofclassfree\winmain.cpp(851): warning C4244: 'argument' : conversion from 'double' to 'int', possible loss of data
     1>c:\users\tobe\documents\visual studio 2010\projects\freedone\killerofclassfree\killerofclassfree\winmain.cpp(855): warning C4244: 'argument' : conversion from 'double' to 'int', possible loss of data
     1>c:\users\tobe\documents\visual studio 2010\projects\freedone\killerofclassfree\killerofclassfree\winmain.cpp(859): warning C4244: 'argument' : conversion from 'double' to 'int', possible loss of data
     1>c:\users\tobe\documents\visual studio 2010\projects\freedone\killerofclassfree\killerofclassfree\winmain.cpp(863): warning C4244: 'argument' : conversion from 'double' to 'int', possible loss of data
     1>c:\users\tobe\documents\visual studio 2010\projects\freedone\killerofclassfree\killerofclassfree\winmain.cpp(870): warning C4244: 'argument' : conversion from 'double' to 'int', possible loss of data
     1>c:\users\tobe\documents\visual studio 2010\projects\freedone\killerofclassfree\killerofclassfree\winmain.cpp(874): warning C4244: 'argument' : conversion from 'double' to 'int', possible loss of data
     1>c:\users\tobe\documents\visual studio 2010\projects\freedone\killerofclassfree\killerofclassfree\winmain.cpp(875): warning C4244: 'argument' : conversion from 'double' to 'int', possible loss of data
     1>c:\users\tobe\documents\visual studio 2010\projects\freedone\killerofclassfree\killerofclassfree\winmain.cpp(896): warning C4244: 'argument' : conversion from 'double' to 'int', possible loss of data
     1>c:\users\tobe\documents\visual studio 2010\projects\freedone\killerofclassfree\killerofclassfree\winmain.cpp(904): warning C4244: 'argument' : conversion from 'double' to 'int', possible loss of data
     1>c:\users\tobe\documents\visual studio 2010\projects\freedone\killerofclassfree\killerofclassfree\winmain.cpp(914): warning C4244: 'argument' : conversion from 'double' to 'int', possible loss of data
     1>c:\users\tobe\documents\visual studio 2010\projects\freedone\killerofclassfree\killerofclassfree\winmain.cpp(918): warning C4244: 'argument' : conversion from 'double' to 'int', possible loss of data
     1>c:\users\tobe\documents\visual studio 2010\projects\freedone\killerofclassfree\killerofclassfree\winmain.cpp(922): warning C4244: 'argument' : conversion from 'double' to 'int', possible loss of data
     1>c:\users\tobe\documents\visual studio 2010\projects\freedone\killerofclassfree\killerofclassfree\winmain.cpp(926): warning C4244: 'argument' : conversion from 'double' to 'int', possible loss of data
     1>c:\users\tobe\documents\visual studio 2010\projects\freedone\killerofclassfree\killerofclassfree\winmain.cpp(933): warning C4244: 'argument' : conversion from 'double' to 'int', possible loss of data
     1>c:\users\tobe\documents\visual studio 2010\projects\freedone\killerofclassfree\killerofclassfree\winmain.cpp(933): warning C4244: 'argument' : conversion from 'double' to 'int', possible loss of data
     1>c:\users\tobe\documents\visual studio 2010\projects\freedone\killerofclassfree\killerofclassfree\winmain.cpp(934): warning C4244: 'argument' : conversion from 'double' to 'int', possible loss of data
     1>c:\users\tobe\documents\visual studio 2010\projects\freedone\killerofclassfree\killerofclassfree\winmain.cpp(935): warning C4244: 'argument' : conversion from 'double' to 'int', possible loss of data
     1>c:\users\tobe\documents\visual studio 2010\projects\freedone\killerofclassfree\killerofclassfree\winmain.cpp(938): warning C4244: 'argument' : conversion from 'double' to 'int', possible loss of data
     1>c:\users\tobe\documents\visual studio 2010\projects\freedone\killerofclassfree\killerofclassfree\winmain.cpp(938): warning C4244: 'argument' : conversion from 'double' to 'int', possible loss of data
     1>c:\users\tobe\documents\visual studio 2010\projects\freedone\killerofclassfree\killerofclassfree\winmain.cpp(939): warning C4244: 'argument' : conversion from 'double' to 'int', possible loss of data
     1>c:\users\tobe\documents\visual studio 2010\projects\freedone\killerofclassfree\killerofclassfree\winmain.cpp(939): warning C4244: 'argument' : conversion from 'double' to 'int', possible loss of data
         CPlayer.cpp
     1>c:\users\tobe\documents\visual studio 2010\projects\freedone\killerofclassfree\killerofclassfree\cplayer.cpp(33): warning C4244: 'argument' : conversion from 'time_t' to 'unsigned int', possible loss of data
         CBattleField.cpp
         Generating Code...
       ResourceCompile:
         C:\Program Files (x86)\Microsoft SDKs\Windows\v7.0A\bin\rc.exe /D _UNICODE /D UNICODE /l"0x0409" /nologo /fo"Debug\KillerOfClassFree.res" KillerOfClassFree.rc 
       ManifestResourceCompile:
         C:\Program Files (x86)\Microsoft SDKs\Windows\v7.0A\bin\rc.exe /nologo /fo"Debug\KillerOfClassFree.exe.embed.manifest.res" Debug\KillerOfClassFree_manifest.rc 
       Link:
         D:\Microsoft Visual Studio 10.0\VC\bin\link.exe /ERRORREPORT:PROMPT /OUT:"C:\Users\Tobe\Documents\Visual Studio 2010\Projects\freeDone\KillerOfClassFree\Debug\KillerOfClassFree.exe" /INCREMENTAL /NOLOGO kernel32.lib user32.lib gdi32.lib winspool.lib comdlg32.lib advapi32.lib shell32.lib ole32.lib oleaut32.lib uuid.lib odbc32.lib odbccp32.lib /MANIFEST /ManifestFile:"Debug\KillerOfClassFree.exe.intermediate.manifest" /MANIFESTUAC:"level='asInvoker' uiAccess='false'" /DEBUG /PDB:"C:\Users\Tobe\Documents\Visual Studio 2010\Projects\freeDone\KillerOfClassFree\Debug\KillerOfClassFree.pdb" /SUBSYSTEM:WINDOWS /TLBID:1 /DYNAMICBASE /NXCOMPAT /IMPLIB:"C:\Users\Tobe\Documents\Visual Studio 2010\Projects\freeDone\KillerOfClassFree\Debug\KillerOfClassFree.lib" /MACHINE:X86 Debug\KillerOfClassFree.res
         Debug\KillerOfClassFree.exe.embed.manifest.res
         Debug\CBattleField.obj
         Debug\CPlayer.obj
         Debug\WinMain.obj
       Manifest:
         Deleting file "Debug\KillerOfClassFree.exe.embed.manifest".
         C:\Program Files (x86)\Microsoft SDKs\Windows\v7.0A\bin\mt.exe /nologo /verbose /out:"Debug\KillerOfClassFree.exe.embed.manifest" /manifest Debug\KillerOfClassFree.exe.intermediate.manifest
         C:\Program Files (x86)\Microsoft SDKs\Windows\v7.0A\bin\rc.exe /nologo /fo"Debug\KillerOfClassFree.exe.embed.manifest.res" Debug\KillerOfClassFree_manifest.rc 
       LinkEmbedManifest:
         D:\Microsoft Visual Studio 10.0\VC\bin\link.exe /ERRORREPORT:PROMPT /OUT:"C:\Users\Tobe\Documents\Visual Studio 2010\Projects\freeDone\KillerOfClassFree\Debug\KillerOfClassFree.exe" /INCREMENTAL /NOLOGO kernel32.lib user32.lib gdi32.lib winspool.lib comdlg32.lib advapi32.lib shell32.lib ole32.lib oleaut32.lib uuid.lib odbc32.lib odbccp32.lib /MANIFEST /ManifestFile:"Debug\KillerOfClassFree.exe.intermediate.manifest" /MANIFESTUAC:"level='asInvoker' uiAccess='false'" /DEBUG /PDB:"C:\Users\Tobe\Documents\Visual Studio 2010\Projects\freeDone\KillerOfClassFree\Debug\KillerOfClassFree.pdb" /SUBSYSTEM:WINDOWS /TLBID:1 /DYNAMICBASE /NXCOMPAT /IMPLIB:"C:\Users\Tobe\Documents\Visual Studio 2010\Projects\freeDone\KillerOfClassFree\Debug\KillerOfClassFree.lib" /MACHINE:X86 Debug\KillerOfClassFree.res
         Debug\KillerOfClassFree.exe.embed.manifest.res
         Debug\CBattleField.obj
         Debug\CPlayer.obj
         Debug\WinMain.obj
         KillerOfClassFree.vcxproj -> C:\Users\Tobe\Documents\Visual Studio 2010\Projects\freeDone\KillerOfClassFree\Debug\KillerOfClassFree.exe
       FinalizeBuildStatus:
         Deleting file "Debug\KillerOfClassFree.unsuccessfulbuild".
         Touching "Debug\KillerOfClassFree.lastbuildstate".
     1>Done Building Project "C:\Users\Tobe\Documents\Visual Studio 2010\Projects\freeDone\KillerOfClassFree\KillerOfClassFree\KillerOfClassFree.vcxproj" (build target(s)).

Build succeeded.

Time Elapsed 00:00:06.21
