Build started 2011/6/10 8:13:38.
     1>Project "C:\Users\freeTheone\Documents\Visual Studio 2010\Projects\freeDone\KillerOfClassFree\KillerOfClassFree\KillerOfClassFree.vcxproj" on node 2 (build target(s)).
     1>InitializeBuildStatus:
         Touching "Release\KillerOfClassFree.unsuccessfulbuild".
       ClCompile:
         All outputs are up-to-date.
         D:\Visual Studio 10.0\VC\bin\CL.exe /c /Zi /nologo /W3 /WX- /O2 /Oi /Oy- /GL /D WIN32 /D NDEBUG /D _WINDOWS /D _UNICODE /D UNICODE /Gm- /EHsc /MD /GS /Gy /fp:precise /Zc:wchar_t /Zc:forScope /Fo"Release\\" /Fd"Release\vc100.pdb" /Gd /TP /analyze- /errorReport:prompt CBattleField.cpp CPlayer.cpp WinMain.cpp
         CBattleField.cpp
         CPlayer.cpp
     1>CPlayer.cpp(32): warning C4244: 'argument' : conversion from 'time_t' to 'unsigned int', possible loss of data
         WinMain.cpp
     1>WinMain.cpp(568): warning C4244: 'argument' : conversion from 'double' to 'int', possible loss of data
     1>WinMain.cpp(584): warning C4244: 'argument' : conversion from 'double' to 'int', possible loss of data
     1>WinMain.cpp(625): warning C4244: 'argument' : conversion from 'double' to 'int', possible loss of data
     1>WinMain.cpp(626): warning C4244: 'argument' : conversion from 'double' to 'int', possible loss of data
     1>WinMain.cpp(691): warning C4244: 'argument' : conversion from 'double' to 'int', possible loss of data
     1>WinMain.cpp(696): warning C4244: 'argument' : conversion from 'double' to 'int', possible loss of data
     1>WinMain.cpp(705): warning C4244: 'argument' : conversion from 'double' to 'int', possible loss of data
     1>WinMain.cpp(709): warning C4244: 'argument' : conversion from 'double' to 'int', possible loss of data
     1>WinMain.cpp(713): warning C4244: 'argument' : conversion from 'double' to 'int', possible loss of data
     1>WinMain.cpp(717): warning C4244: 'argument' : conversion from 'double' to 'int', possible loss of data
     1>WinMain.cpp(724): warning C4244: 'argument' : conversion from 'double' to 'int', possible loss of data
     1>WinMain.cpp(728): warning C4244: 'argument' : conversion from 'double' to 'int', possible loss of data
     1>WinMain.cpp(729): warning C4244: 'argument' : conversion from 'double' to 'int', possible loss of data
     1>WinMain.cpp(750): warning C4244: 'argument' : conversion from 'double' to 'int', possible loss of data
     1>WinMain.cpp(758): warning C4244: 'argument' : conversion from 'double' to 'int', possible loss of data
     1>WinMain.cpp(768): warning C4244: 'argument' : conversion from 'double' to 'int', possible loss of data
     1>WinMain.cpp(772): warning C4244: 'argument' : conversion from 'double' to 'int', possible loss of data
     1>WinMain.cpp(776): warning C4244: 'argument' : conversion from 'double' to 'int', possible loss of data
     1>WinMain.cpp(780): warning C4244: 'argument' : conversion from 'double' to 'int', possible loss of data
     1>WinMain.cpp(787): warning C4244: 'argument' : conversion from 'double' to 'int', possible loss of data
     1>WinMain.cpp(787): warning C4244: 'argument' : conversion from 'double' to 'int', possible loss of data
     1>WinMain.cpp(788): warning C4244: 'argument' : conversion from 'double' to 'int', possible loss of data
     1>WinMain.cpp(789): warning C4244: 'argument' : conversion from 'double' to 'int', possible loss of data
     1>WinMain.cpp(792): warning C4244: 'argument' : conversion from 'double' to 'int', possible loss of data
     1>WinMain.cpp(792): warning C4244: 'argument' : conversion from 'double' to 'int', possible loss of data
     1>WinMain.cpp(793): warning C4244: 'argument' : conversion from 'double' to 'int', possible loss of data
     1>WinMain.cpp(793): warning C4244: 'argument' : conversion from 'double' to 'int', possible loss of data
       ResourceCompile:
         All outputs are up-to-date.
       Link:
         D:\Visual Studio 10.0\VC\bin\link.exe /ERRORREPORT:PROMPT /OUT:"C:\Users\freeTheone\Documents\Visual Studio 2010\Projects\freeDone\KillerOfClassFree\Release\KillerOfClassFree.exe" /INCREMENTAL:NO /NOLOGO kernel32.lib user32.lib gdi32.lib winspool.lib comdlg32.lib advapi32.lib shell32.lib ole32.lib oleaut32.lib uuid.lib odbc32.lib odbccp32.lib /MANIFEST /ManifestFile:"Release\KillerOfClassFree.exe.intermediate.manifest" /MANIFESTUAC:"level='asInvoker' uiAccess='false'" /DEBUG /PDB:"C:\Users\freeTheone\Documents\Visual Studio 2010\Projects\freeDone\KillerOfClassFree\Release\KillerOfClassFree.pdb" /SUBSYSTEM:WINDOWS /OPT:REF /OPT:ICF /LTCG /TLBID:1 /DYNAMICBASE /NXCOMPAT /IMPLIB:"C:\Users\freeTheone\Documents\Visual Studio 2010\Projects\freeDone\KillerOfClassFree\Release\KillerOfClassFree.lib" /MACHINE:X86 Release\KillerOfClassFree.res
         Release\CBattleField.obj
         Release\CPlayer.obj
         Release\WinMain.obj
         Generating code
         Finished generating code
         KillerOfClassFree.vcxproj -> C:\Users\freeTheone\Documents\Visual Studio 2010\Projects\freeDone\KillerOfClassFree\Release\KillerOfClassFree.exe
       Manifest:
         c:\Program Files (x86)\Microsoft SDKs\Windows\v7.0A\bin\mt.exe /nologo /verbose /outputresource:"C:\Users\freeTheone\Documents\Visual Studio 2010\Projects\freeDone\KillerOfClassFree\Release\KillerOfClassFree.exe;#1" /manifest Release\KillerOfClassFree.exe.intermediate.manifest
       FinalizeBuildStatus:
         Deleting file "Release\KillerOfClassFree.unsuccessfulbuild".
         Touching "Release\KillerOfClassFree.lastbuildstate".
     1>Done Building Project "C:\Users\freeTheone\Documents\Visual Studio 2010\Projects\freeDone\KillerOfClassFree\KillerOfClassFree\KillerOfClassFree.vcxproj" (build target(s)).

Build succeeded.

Time Elapsed 00:00:02.05
